# JRE version: OpenJDK Runtime Environment (17.0.10+7) (build 17.0.10+7-Ubuntu-122.04.1)
# Java VM: OpenJDK 64-Bit Server VM (17.0.10+7-Ubuntu-122.04.1, mixed mode, sharing, tiered, compressed oops, compressed class ptrs, g1 gc, linux-amd64)
GC Precious Log:
 CPUs: 6 total, 6 available
 Memory: 15765M
 Large Page Support: Disabled
 NUMA Support: Disabled
 Compressed Oops: Enabled (Zero based)
 Heap Region Size: 2M
 Heap Min Capacity: 8M
 Heap Initial Capacity: 248M
 Heap Max Capacity: 3942M
 Pre-touch: Disabled
 Parallel Workers: 6
 Concurrent Workers: 2
 Concurrent Refinement Workers: 6
 Periodic GC: Disabled
Heap:
 garbage-first heap   total 1093632K, used 320432K [0x0000000709a00000, 0x0000000800000000)
  region size 2048K, 11 young (22528K), 4 survivors (8192K)
 Metaspace       used 17660K, committed 17856K, reserved 1114112K
  class space    used 1981K, committed 2048K, reserved 1048576K
GC Heap History (20 events):
Event: 6,894 GC heap before
{Heap before GC invocations=0 (full 0):
 garbage-first heap   total 258048K, used 22448K [0x0000000709a00000, 0x0000000800000000)
  region size 2048K, 10 young (20480K), 0 survivors (0K)
 Metaspace       used 16770K, committed 16960K, reserved 1114112K
  class space    used 1910K, committed 2048K, reserved 1048576K
}
Event: 6,898 GC heap after
{Heap after GC invocations=1 (full 0):
 garbage-first heap   total 258048K, used 6449K [0x0000000709a00000, 0x0000000800000000)
  region size 2048K, 2 young (4096K), 2 survivors (4096K)
 Metaspace       used 16770K, committed 16960K, reserved 1114112K
  class space    used 1910K, committed 2048K, reserved 1048576K
}
Event: 7,051 GC heap before
{Heap before GC invocations=1 (full 0):
 garbage-first heap   total 258048K, used 39217K [0x0000000709a00000, 0x0000000800000000)
  region size 2048K, 14 young (28672K), 2 survivors (4096K)
 Metaspace       used 17292K, committed 17536K, reserved 1114112K
  class space    used 1964K, committed 2048K, reserved 1048576K
}
Event: 7,065 GC heap after
{Heap after GC invocations=2 (full 0):
 garbage-first heap   total 258048K, used 35083K [0x0000000709a00000, 0x0000000800000000)
  region size 2048K, 2 young (4096K), 2 survivors (4096K)
 Metaspace       used 17292K, committed 17536K, reserved 1114112K
  class space    used 1964K, committed 2048K, reserved 1048576K
}
Event: 7,175 GC heap before
{Heap before GC invocations=2 (full 0):
 garbage-first heap   total 258048K, used 59659K [0x0000000709a00000, 0x0000000800000000)
  region size 2048K, 14 young (28672K), 2 survivors (4096K)
 Metaspace       used 17347K, committed 17600K, reserved 1114112K
  class space    used 1964K, committed 2048K, reserved 1048576K
}
Event: 7,195 GC heap after
{Heap after GC invocations=3 (full 0):
 garbage-first heap   total 258048K, used 60285K [0x0000000709a00000, 0x0000000800000000)
  region size 2048K, 2 young (4096K), 2 survivors (4096K)
 Metaspace       used 17347K, committed 17600K, reserved 1114112K
  class space    used 1964K, committed 2048K, reserved 1048576K
}
Event: 7,251 GC heap before
{Heap before GC invocations=3 (full 0):
 garbage-first heap   total 258048K, used 88957K [0x0000000709a00000, 0x0000000800000000)
  region size 2048K, 16 young (32768K), 2 survivors (4096K)
 Metaspace       used 17439K, committed 17664K, reserved 1114112K
  class space    used 1969K, committed 2048K, reserved 1048576K
}
Event: 7,260 GC heap after
{Heap after GC invocations=4 (full 0):
 garbage-first heap   total 258048K, used 75696K [0x0000000709a00000, 0x0000000800000000)
  region size 2048K, 2 young (4096K), 2 survivors (4096K)
 Metaspace       used 17439K, committed 17664K, reserved 1114112K
  class space    used 1969K, committed 2048K, reserved 1048576K
}
Event: 7,403 GC heap before
{Heap before GC invocations=4 (full 0):
 garbage-first heap   total 258048K, used 114608K [0x0000000709a00000, 0x0000000800000000)
  region size 2048K, 21 young (43008K), 2 survivors (4096K)
 Metaspace       used 17511K, committed 17728K, reserved 1114112K
  class space    used 1971K, committed 2048K, reserved 1048576K
}
Event: 7,422 GC heap after
{Heap after GC invocations=5 (full 0):
 garbage-first heap   total 258048K, used 111512K [0x0000000709a00000, 0x0000000800000000)
  region size 2048K, 3 young (6144K), 3 survivors (6144K)
 Metaspace       used 17511K, committed 17728K, reserved 1114112K
  class space    used 1971K, committed 2048K, reserved 1048576K
}
Event: 7,506 GC heap before
{Heap before GC invocations=5 (full 0):
 garbage-first heap   total 258048K, used 136088K [0x0000000709a00000, 0x0000000800000000)
  region size 2048K, 15 young (30720K), 3 survivors (6144K)
 Metaspace       used 17514K, committed 17728K, reserved 1114112K
  class space    used 1971K, committed 2048K, reserved 1048576K
}
Event: 7,521 GC heap after
{Heap after GC invocations=6 (full 0):
 garbage-first heap   total 516096K, used 137136K [0x0000000709a00000, 0x0000000800000000)
  region size 2048K, 2 young (4096K), 2 survivors (4096K)
 Metaspace       used 17514K, committed 17728K, reserved 1114112K
  class space    used 1971K, committed 2048K, reserved 1048576K
}
Event: 7,598 GC heap before
{Heap before GC invocations=6 (full 0):
 garbage-first heap   total 516096K, used 161712K [0x0000000709a00000, 0x0000000800000000)
  region size 2048K, 14 young (28672K), 2 survivors (4096K)
 Metaspace       used 17515K, committed 17728K, reserved 1114112K
  class space    used 1971K, committed 2048K, reserved 1048576K
}
Event: 7,615 GC heap after
{Heap after GC invocations=7 (full 0):
 garbage-first heap   total 516096K, used 163760K [0x0000000709a00000, 0x0000000800000000)
  region size 2048K, 2 young (4096K), 2 survivors (4096K)
 Metaspace       used 17515K, committed 17728K, reserved 1114112K
  class space    used 1971K, committed 2048K, reserved 1048576K
}
Event: 7,705 GC heap before
{Heap before GC invocations=7 (full 0):
 garbage-first heap   total 516096K, used 196528K [0x0000000709a00000, 0x0000000800000000)
  region size 2048K, 18 young (36864K), 2 survivors (4096K)
 Metaspace       used 17517K, committed 17728K, reserved 1114112K
  class space    used 1971K, committed 2048K, reserved 1048576K
}
Event: 7,722 GC heap after
{Heap after GC invocations=8 (full 0):
 garbage-first heap   total 516096K, used 198576K [0x0000000709a00000, 0x0000000800000000)
  region size 2048K, 3 young (6144K), 3 survivors (6144K)
 Metaspace       used 17517K, committed 17728K, reserved 1114112K
  class space    used 1971K, committed 2048K, reserved 1048576K
}
Event: 7,831 GC heap before
{Heap before GC invocations=8 (full 0):
 garbage-first heap   total 516096K, used 239536K [0x0000000709a00000, 0x0000000800000000)
  region size 2048K, 23 young (47104K), 3 survivors (6144K)
 Metaspace       used 17539K, committed 17728K, reserved 1114112K
  class space    used 1971K, committed 2048K, reserved 1048576K
}
Event: 7,848 GC heap after
{Heap after GC invocations=9 (full 0):
 garbage-first heap   total 516096K, used 241478K [0x0000000709a00000, 0x0000000800000000)
  region size 2048K, 3 young (6144K), 3 survivors (6144K)
 Metaspace       used 17539K, committed 17728K, reserved 1114112K
  class space    used 1971K, committed 2048K, reserved 1048576K
}
Event: 7,995 GC heap before
{Heap before GC invocations=9 (full 0):
 garbage-first heap   total 516096K, used 292678K [0x0000000709a00000, 0x0000000800000000)
  region size 2048K, 28 young (57344K), 3 survivors (6144K)
 Metaspace       used 17546K, committed 17728K, reserved 1114112K
  class space    used 1971K, committed 2048K, reserved 1048576K
}
Event: 8,019 GC heap after
{Heap after GC invocations=10 (full 0):
 garbage-first heap   total 1093632K, used 295856K [0x0000000709a00000, 0x0000000800000000)
  region size 2048K, 4 young (8192K), 4 survivors (8192K)
 Metaspace       used 17546K, committed 17728K, reserved 1114112K
  class space    used 1971K, committed 2048K, reserved 1048576K
}

